fatal: could not read Username for 'https://github.com': Device not configured
To https://github.com/lifeosnico-bot/nico-workspace.git
   e969f9c..2fb5b71  master -> master
To https://github.com/lifeosnico-bot/nico-workspace.git
 ! [rejected]        master -> master (fetch first)
error: failed to push some refs to 'https://github.com/lifeosnico-bot/nico-workspace.git'
hint: Updates were rejected because the remote contains work that you do not
hint: have locally. This is usually caused by another repository pushing to
hint: the same ref. If you want to integrate the remote changes, use
hint: 'git pull' before pushing again.
hint: See the 'Note about fast-forwards' in 'git push --help' for details.
warning: adding embedded git repository: lettabot/lettabot
hint: You've added another git repository inside your current repository.
hint: Clones of the outer repository will not contain the contents of
hint: the embedded repository and will not know how to obtain it.
hint: If you meant to add a submodule, use:
hint:
hint: 	git submodule add <url> lettabot/lettabot
hint:
hint: If you added this path by mistake, you can remove it from the
hint: index with:
hint:
hint: 	git rm --cached lettabot/lettabot
hint:
hint: See "git help submodule" for more information.
hint: Disable this message with "git config set advice.addEmbeddedRepo false"
To https://github.com/lifeosnico-bot/nico-workspace.git
   8bd0440..fb49d41  master -> master
To https://github.com/lifeosnico-bot/nico-workspace.git
   fb49d41..270bd3f  master -> master
remote: 
remote: Create a pull request for 'backup' on GitHub by visiting:        
remote:      https://github.com/lifeosnico-bot/nico-workspace/pull/new/backup        
remote: 
To https://github.com/lifeosnico-bot/nico-workspace.git
 * [new branch]      HEAD -> backup
To https://github.com/lifeosnico-bot/nico-workspace.git
   8e9ccda..8b5babd  HEAD -> backup
To https://github.com/lifeosnico-bot/nico-workspace.git
   8b5babd..de40dcb  HEAD -> backup
To https://github.com/lifeosnico-bot/nico-workspace.git
   de40dcb..bc20b3a  HEAD -> backup
To https://github.com/lifeosnico-bot/nico-workspace.git
   bc20b3a..39843fc  HEAD -> backup
To https://github.com/lifeosnico-bot/nico-workspace.git
   39843fc..3f738f8  HEAD -> backup
To https://github.com/lifeosnico-bot/nico-workspace.git
   3f738f8..1cfc3e9  HEAD -> backup
To https://github.com/lifeosnico-bot/nico-workspace.git
   1cfc3e9..eab62b8  HEAD -> backup
To https://github.com/lifeosnico-bot/nico-workspace.git
   eab62b8..d4e3a66  HEAD -> backup
To https://github.com/lifeosnico-bot/nico-workspace.git
   d4e3a66..e057565  HEAD -> backup
To https://github.com/lifeosnico-bot/nico-workspace.git
   e057565..3c1d724  HEAD -> backup
To https://github.com/lifeosnico-bot/nico-workspace.git
   3c1d724..b62ca59  HEAD -> backup
To https://github.com/lifeosnico-bot/nico-workspace.git
   b62ca59..4589549  HEAD -> backup
To https://github.com/lifeosnico-bot/nico-workspace.git
   4589549..be44460  HEAD -> backup
To https://github.com/lifeosnico-bot/nico-workspace.git
   be44460..07d8881  HEAD -> backup
To https://github.com/lifeosnico-bot/nico-workspace.git
   07d8881..6388a7a  HEAD -> backup
To https://github.com/lifeosnico-bot/nico-workspace.git
   6388a7a..35d979e  HEAD -> backup
To https://github.com/lifeosnico-bot/nico-workspace.git
   35d979e..ca7f4f7  HEAD -> backup
To https://github.com/lifeosnico-bot/nico-workspace.git
   ca7f4f7..992c76f  HEAD -> backup
To https://github.com/lifeosnico-bot/nico-workspace.git
   992c76f..ea6eee0  HEAD -> backup
To https://github.com/lifeosnico-bot/nico-workspace.git
   ea6eee0..5e16335  HEAD -> backup
To https://github.com/lifeosnico-bot/nico-workspace.git
   5e16335..c167261  HEAD -> backup
To https://github.com/lifeosnico-bot/nico-workspace.git
   c167261..1cf7d65  HEAD -> backup
To https://github.com/lifeosnico-bot/nico-workspace.git
   1cf7d65..69a531d  HEAD -> backup
To https://github.com/lifeosnico-bot/nico-workspace.git
   69a531d..9fad9d4  HEAD -> backup
To https://github.com/lifeosnico-bot/nico-workspace.git
   9fad9d4..7a03ce2  HEAD -> backup
To https://github.com/lifeosnico-bot/nico-workspace.git
   7a03ce2..db0d392  HEAD -> backup
To https://github.com/lifeosnico-bot/nico-workspace.git
   db0d392..7d14b86  HEAD -> backup
To https://github.com/lifeosnico-bot/nico-workspace.git
   7d14b86..2ec39fa  HEAD -> backup
To https://github.com/lifeosnico-bot/nico-workspace.git
   2ec39fa..be85c64  HEAD -> backup
To https://github.com/lifeosnico-bot/nico-workspace.git
   be85c64..90ac8a8  HEAD -> backup
To https://github.com/lifeosnico-bot/nico-workspace.git
   90ac8a8..ebd3339  HEAD -> backup
To https://github.com/lifeosnico-bot/nico-workspace.git
   ebd3339..d32d0c1  HEAD -> backup
To https://github.com/lifeosnico-bot/nico-workspace.git
   d32d0c1..d42aa50  HEAD -> backup
To https://github.com/lifeosnico-bot/nico-workspace.git
   d42aa50..37e3cfb  HEAD -> backup
To https://github.com/lifeosnico-bot/nico-workspace.git
   37e3cfb..df0a496  HEAD -> backup
To https://github.com/lifeosnico-bot/nico-workspace.git
   df0a496..49cb624  HEAD -> backup
To https://github.com/lifeosnico-bot/nico-workspace.git
   49cb624..cc45670  HEAD -> backup
To https://github.com/lifeosnico-bot/nico-workspace.git
   cc45670..211fb3f  HEAD -> backup
To https://github.com/lifeosnico-bot/nico-workspace.git
   211fb3f..51925af  HEAD -> backup
To https://github.com/lifeosnico-bot/nico-workspace.git
   51925af..121fcf9  HEAD -> backup
To https://github.com/lifeosnico-bot/nico-workspace.git
   121fcf9..ce9c5f5  HEAD -> backup
To https://github.com/lifeosnico-bot/nico-workspace.git
   ce9c5f5..298bc69  HEAD -> backup
To https://github.com/lifeosnico-bot/nico-workspace.git
   298bc69..3a9e312  HEAD -> backup
To https://github.com/lifeosnico-bot/nico-workspace.git
   3a9e312..a508858  HEAD -> backup
To https://github.com/lifeosnico-bot/nico-workspace.git
   a508858..266d34d  HEAD -> backup
To https://github.com/lifeosnico-bot/nico-workspace.git
   266d34d..90da643  HEAD -> backup
To https://github.com/lifeosnico-bot/nico-workspace.git
   90da643..07a8a62  HEAD -> backup
To https://github.com/lifeosnico-bot/nico-workspace.git
   07a8a62..9e7a6a8  HEAD -> backup
To https://github.com/lifeosnico-bot/nico-workspace.git
   9e7a6a8..7335717  HEAD -> backup
To https://github.com/lifeosnico-bot/nico-workspace.git
   7335717..cc792e6  HEAD -> backup
To https://github.com/lifeosnico-bot/nico-workspace.git
   cc792e6..a6407a4  HEAD -> backup
To https://github.com/lifeosnico-bot/nico-workspace.git
   a6407a4..5ed31a2  HEAD -> backup
To https://github.com/lifeosnico-bot/nico-workspace.git
   5ed31a2..1aacfb1  HEAD -> backup
To https://github.com/lifeosnico-bot/nico-workspace.git
   1aacfb1..bcbe109  HEAD -> backup
To https://github.com/lifeosnico-bot/nico-workspace.git
   bcbe109..e15d429  HEAD -> backup
To https://github.com/lifeosnico-bot/nico-workspace.git
   e15d429..9aa2475  HEAD -> backup
To https://github.com/lifeosnico-bot/nico-workspace.git
   9aa2475..a316d4a  HEAD -> backup
To https://github.com/lifeosnico-bot/nico-workspace.git
   a316d4a..8d7fa61  HEAD -> backup
To https://github.com/lifeosnico-bot/nico-workspace.git
   8d7fa61..6437a03  HEAD -> backup
To https://github.com/lifeosnico-bot/nico-workspace.git
   6437a03..3a27967  HEAD -> backup
To https://github.com/lifeosnico-bot/nico-workspace.git
   3a27967..7b96870  HEAD -> backup
To https://github.com/lifeosnico-bot/nico-workspace.git
   7b96870..daf8a05  HEAD -> backup
To https://github.com/lifeosnico-bot/nico-workspace.git
   daf8a05..e0cec90  HEAD -> backup
To https://github.com/lifeosnico-bot/nico-workspace.git
   e0cec90..f150e52  HEAD -> backup
To https://github.com/lifeosnico-bot/nico-workspace.git
   f150e52..77dffd8  HEAD -> backup
To https://github.com/lifeosnico-bot/nico-workspace.git
   77dffd8..ebe28e2  HEAD -> backup
To https://github.com/lifeosnico-bot/nico-workspace.git
   ebe28e2..dece2ef  HEAD -> backup
To https://github.com/lifeosnico-bot/nico-workspace.git
   dece2ef..01009dd  HEAD -> backup
To https://github.com/lifeosnico-bot/nico-workspace.git
   01009dd..9d51b0f  HEAD -> backup
To https://github.com/lifeosnico-bot/nico-workspace.git
   9d51b0f..62ddc35  HEAD -> backup
To https://github.com/lifeosnico-bot/nico-workspace.git
   62ddc35..ce15c05  HEAD -> backup
To https://github.com/lifeosnico-bot/nico-workspace.git
   ce15c05..b52b3c5  HEAD -> backup
To https://github.com/lifeosnico-bot/nico-workspace.git
   b52b3c5..5ef6514  HEAD -> backup
To https://github.com/lifeosnico-bot/nico-workspace.git
   5ef6514..10444a2  HEAD -> backup
To https://github.com/lifeosnico-bot/nico-workspace.git
   10444a2..4a5dfae  HEAD -> backup
To https://github.com/lifeosnico-bot/nico-workspace.git
   4a5dfae..00cbc89  HEAD -> backup
To https://github.com/lifeosnico-bot/nico-workspace.git
   00cbc89..51aa437  HEAD -> backup
To https://github.com/lifeosnico-bot/nico-workspace.git
   51aa437..ef74cc1  HEAD -> backup
To https://github.com/lifeosnico-bot/nico-workspace.git
   ef74cc1..dc1b0f2  HEAD -> backup
To https://github.com/lifeosnico-bot/nico-workspace.git
   dc1b0f2..ec68a9a  HEAD -> backup
To https://github.com/lifeosnico-bot/nico-workspace.git
   ec68a9a..2d15430  HEAD -> backup
To https://github.com/lifeosnico-bot/nico-workspace.git
   2d15430..2ab0ea7  HEAD -> backup
To https://github.com/lifeosnico-bot/nico-workspace.git
   2ab0ea7..89c6a47  HEAD -> backup
To https://github.com/lifeosnico-bot/nico-workspace.git
   89c6a47..d5828cb  HEAD -> backup
To https://github.com/lifeosnico-bot/nico-workspace.git
   d5828cb..61ba5f8  HEAD -> backup
To https://github.com/lifeosnico-bot/nico-workspace.git
   61ba5f8..113e42c  HEAD -> backup
To https://github.com/lifeosnico-bot/nico-workspace.git
   113e42c..04fb156  HEAD -> backup
To https://github.com/lifeosnico-bot/nico-workspace.git
   04fb156..bf0f1a5  HEAD -> backup
To https://github.com/lifeosnico-bot/nico-workspace.git
   bf0f1a5..e09973d  HEAD -> backup
To https://github.com/lifeosnico-bot/nico-workspace.git
   e09973d..96bcdd2  HEAD -> backup
To https://github.com/lifeosnico-bot/nico-workspace.git
   96bcdd2..c7747b9  HEAD -> backup
To https://github.com/lifeosnico-bot/nico-workspace.git
   c7747b9..b7a532f  HEAD -> backup
To https://github.com/lifeosnico-bot/nico-workspace.git
   b7a532f..bebf815  HEAD -> backup
To https://github.com/lifeosnico-bot/nico-workspace.git
   bebf815..56c32af  HEAD -> backup
To https://github.com/lifeosnico-bot/nico-workspace.git
   56c32af..f1503fa  HEAD -> backup
warning: adding embedded git repository: Projects/slack-bot
hint: You've added another git repository inside your current repository.
hint: Clones of the outer repository will not contain the contents of
hint: the embedded repository and will not know how to obtain it.
hint: If you meant to add a submodule, use:
hint:
hint: 	git submodule add <url> Projects/slack-bot
hint:
hint: If you added this path by mistake, you can remove it from the
hint: index with:
hint:
hint: 	git rm --cached Projects/slack-bot
hint:
hint: See "git help submodule" for more information.
hint: Disable this message with "git config set advice.addEmbeddedRepo false"
To https://github.com/lifeosnico-bot/nico-workspace.git
   f1503fa..3698af8  HEAD -> backup
To https://github.com/lifeosnico-bot/nico-workspace.git
 + 3698af8...f7c464f HEAD -> backup (forced update)
To https://github.com/lifeosnico-bot/nico-workspace.git
   f7c464f..4b6e7ad  HEAD -> backup
To https://github.com/lifeosnico-bot/nico-workspace.git
   4b6e7ad..17979b4  HEAD -> backup
To https://github.com/lifeosnico-bot/nico-workspace.git
   17979b4..cd866da  HEAD -> backup
To https://github.com/lifeosnico-bot/nico-workspace.git
   cd866da..45b2759  HEAD -> backup
To https://github.com/lifeosnico-bot/nico-workspace.git
   45b2759..deacf58  HEAD -> backup
To https://github.com/lifeosnico-bot/nico-workspace.git
   deacf58..7130dc5  HEAD -> backup
To https://github.com/lifeosnico-bot/nico-workspace.git
   7130dc5..55d5c68  HEAD -> backup
To https://github.com/lifeosnico-bot/nico-workspace.git
   55d5c68..7cd25e7  HEAD -> backup
To https://github.com/lifeosnico-bot/nico-workspace.git
   7cd25e7..b6605c0  HEAD -> backup
To https://github.com/lifeosnico-bot/nico-workspace.git
   b6605c0..e10d249  HEAD -> backup
To https://github.com/lifeosnico-bot/nico-workspace.git
   e10d249..81b112a  HEAD -> backup
To https://github.com/lifeosnico-bot/nico-workspace.git
   81b112a..f70287f  HEAD -> backup
To https://github.com/lifeosnico-bot/nico-workspace.git
   f70287f..aa0903b  HEAD -> backup
To https://github.com/lifeosnico-bot/nico-workspace.git
   aa0903b..b5307ef  HEAD -> backup
To https://github.com/lifeosnico-bot/nico-workspace.git
   b5307ef..9db3677  HEAD -> backup
To https://github.com/lifeosnico-bot/nico-workspace.git
 + ec8f4eb...ba67ee0 HEAD -> backup (forced update)
To https://github.com/lifeosnico-bot/nico-workspace.git
   ba67ee0..e535b7a  HEAD -> backup
To https://github.com/lifeosnico-bot/nico-workspace.git
   e535b7a..dde323e  HEAD -> backup
To https://github.com/lifeosnico-bot/nico-workspace.git
   dde323e..2690397  HEAD -> backup
To https://github.com/lifeosnico-bot/nico-workspace.git
   2690397..2d1a0e3  HEAD -> backup
To https://github.com/lifeosnico-bot/nico-workspace.git
   2d1a0e3..c6fbd02  HEAD -> backup
To https://github.com/lifeosnico-bot/nico-workspace.git
   c6fbd02..06faf26  HEAD -> backup
To https://github.com/lifeosnico-bot/nico-workspace.git
   06faf26..e039b78  HEAD -> backup
To https://github.com/lifeosnico-bot/nico-workspace.git
   e039b78..535952e  HEAD -> backup
To https://github.com/lifeosnico-bot/nico-workspace.git
   535952e..e8c82a0  HEAD -> backup
To https://github.com/lifeosnico-bot/nico-workspace.git
   e8c82a0..598daf8  HEAD -> backup
To https://github.com/lifeosnico-bot/nico-workspace.git
   598daf8..1e49673  HEAD -> backup
To https://github.com/lifeosnico-bot/nico-workspace.git
   1e49673..30f71bd  HEAD -> backup
To https://github.com/lifeosnico-bot/nico-workspace.git
   30f71bd..9979b0b  HEAD -> backup
To https://github.com/lifeosnico-bot/nico-workspace.git
   9979b0b..5ac3878  HEAD -> backup
To https://github.com/lifeosnico-bot/nico-workspace.git
   5ac3878..43f5643  HEAD -> backup
To https://github.com/lifeosnico-bot/nico-workspace.git
   43f5643..5a467d2  HEAD -> backup
To https://github.com/lifeosnico-bot/nico-workspace.git
   5a467d2..78f58c9  HEAD -> backup
To https://github.com/lifeosnico-bot/nico-workspace.git
   78f58c9..ce0a209  HEAD -> backup
To https://github.com/lifeosnico-bot/nico-workspace.git
   ce0a209..9db04a7  HEAD -> backup
To https://github.com/lifeosnico-bot/nico-workspace.git
   9db04a7..4ec312c  HEAD -> backup
To https://github.com/lifeosnico-bot/nico-workspace.git
   4ec312c..620f8ed  HEAD -> backup
To https://github.com/lifeosnico-bot/nico-workspace.git
   620f8ed..eefa7da  HEAD -> backup
To https://github.com/lifeosnico-bot/nico-workspace.git
   eefa7da..f240b3f  HEAD -> backup
To https://github.com/lifeosnico-bot/nico-workspace.git
   f240b3f..bfb64df  HEAD -> backup
To https://github.com/lifeosnico-bot/nico-workspace.git
   bfb64df..4273d37  HEAD -> backup
To https://github.com/lifeosnico-bot/nico-workspace.git
   4273d37..af611cf  HEAD -> backup
To https://github.com/lifeosnico-bot/nico-workspace.git
   af611cf..f301c49  HEAD -> backup
To https://github.com/lifeosnico-bot/nico-workspace.git
   f301c49..f6f3c43  HEAD -> backup
To https://github.com/lifeosnico-bot/nico-workspace.git
   f6f3c43..4e78266  HEAD -> backup
To https://github.com/lifeosnico-bot/nico-workspace.git
   4e78266..abb7266  HEAD -> backup
To https://github.com/lifeosnico-bot/nico-workspace.git
   abb7266..791ee2a  HEAD -> backup
To https://github.com/lifeosnico-bot/nico-workspace.git
   791ee2a..3fb908e  HEAD -> backup
To https://github.com/lifeosnico-bot/nico-workspace.git
   3fb908e..452e7dc  HEAD -> backup
To https://github.com/lifeosnico-bot/nico-workspace.git
   452e7dc..dd82f4b  HEAD -> backup
To https://github.com/lifeosnico-bot/nico-workspace.git
   dd82f4b..b10db44  HEAD -> backup
To https://github.com/lifeosnico-bot/nico-workspace.git
   b10db44..7d97a34  HEAD -> backup
To https://github.com/lifeosnico-bot/nico-workspace.git
   7d97a34..c1eaed4  HEAD -> backup
To https://github.com/lifeosnico-bot/nico-workspace.git
   c1eaed4..d1a72e2  HEAD -> backup
To https://github.com/lifeosnico-bot/nico-workspace.git
   d1a72e2..965c31a  HEAD -> backup
To https://github.com/lifeosnico-bot/nico-workspace.git
   965c31a..5de7055  HEAD -> backup
To https://github.com/lifeosnico-bot/nico-workspace.git
   5de7055..8e30604  HEAD -> backup
To https://github.com/lifeosnico-bot/nico-workspace.git
   8e30604..c2f2d12  HEAD -> backup
To https://github.com/lifeosnico-bot/nico-workspace.git
   c2f2d12..4af36b2  HEAD -> backup
To https://github.com/lifeosnico-bot/nico-workspace.git
   4af36b2..eba7c43  HEAD -> backup
To https://github.com/lifeosnico-bot/nico-workspace.git
   eba7c43..19e009c  HEAD -> backup
To https://github.com/lifeosnico-bot/nico-workspace.git
   19e009c..b65c449  HEAD -> backup
To https://github.com/lifeosnico-bot/nico-workspace.git
   b65c449..298f84d  HEAD -> backup
To https://github.com/lifeosnico-bot/nico-workspace.git
   298f84d..60e537f  HEAD -> backup
To https://github.com/lifeosnico-bot/nico-workspace.git
   60e537f..02f5aae  HEAD -> backup
To https://github.com/lifeosnico-bot/nico-workspace.git
   02f5aae..b0f54be  HEAD -> backup
To https://github.com/lifeosnico-bot/nico-workspace.git
   b0f54be..70d8d21  HEAD -> backup
To https://github.com/lifeosnico-bot/nico-workspace.git
   70d8d21..b8974b1  HEAD -> backup
To https://github.com/lifeosnico-bot/nico-workspace.git
   b8974b1..d323210  HEAD -> backup
To https://github.com/lifeosnico-bot/nico-workspace.git
   d323210..db184af  HEAD -> backup
To https://github.com/lifeosnico-bot/nico-workspace.git
   db184af..be14c8d  HEAD -> backup
To https://github.com/lifeosnico-bot/nico-workspace.git
   be14c8d..6964e37  HEAD -> backup
To https://github.com/lifeosnico-bot/nico-workspace.git
   6964e37..e8791ae  HEAD -> backup
To https://github.com/lifeosnico-bot/nico-workspace.git
   e8791ae..0717bd9  HEAD -> backup
To https://github.com/lifeosnico-bot/nico-workspace.git
   0717bd9..874b49e  HEAD -> backup
To https://github.com/lifeosnico-bot/nico-workspace.git
   874b49e..4137d4e  HEAD -> backup
To https://github.com/lifeosnico-bot/nico-workspace.git
   4137d4e..6caf938  HEAD -> backup
To https://github.com/lifeosnico-bot/nico-workspace.git
   6caf938..6bfd9bd  HEAD -> backup
To https://github.com/lifeosnico-bot/nico-workspace.git
   6bfd9bd..d7ff99d  HEAD -> backup
To https://github.com/lifeosnico-bot/nico-workspace.git
   d7ff99d..84c7726  HEAD -> backup
To https://github.com/lifeosnico-bot/nico-workspace.git
   84c7726..e43ed65  HEAD -> backup
To https://github.com/lifeosnico-bot/nico-workspace.git
   e43ed65..c828f08  HEAD -> backup
To https://github.com/lifeosnico-bot/nico-workspace.git
   c828f08..3fae36c  HEAD -> backup
To https://github.com/lifeosnico-bot/nico-workspace.git
   3fae36c..8ff7e6a  HEAD -> backup
To https://github.com/lifeosnico-bot/nico-workspace.git
   8ff7e6a..c9ae45b  HEAD -> backup
To https://github.com/lifeosnico-bot/nico-workspace.git
   c9ae45b..b7e7ce7  HEAD -> backup
To https://github.com/lifeosnico-bot/nico-workspace.git
   b7e7ce7..54e4c20  HEAD -> backup
To https://github.com/lifeosnico-bot/nico-workspace.git
   54e4c20..2298f83  HEAD -> backup
To https://github.com/lifeosnico-bot/nico-workspace.git
   2298f83..a988465  HEAD -> backup
To https://github.com/lifeosnico-bot/nico-workspace.git
   a988465..c4f6eb2  HEAD -> backup
To https://github.com/lifeosnico-bot/nico-workspace.git
   c4f6eb2..4fb1ed2  HEAD -> backup
remote: Internal Server Error
fatal: unable to access 'https://github.com/lifeosnico-bot/nico-workspace.git/': The requested URL returned error: 500
To https://github.com/lifeosnico-bot/nico-workspace.git
   4fb1ed2..cdd42af  HEAD -> backup
To https://github.com/lifeosnico-bot/nico-workspace.git
   cdd42af..0309ea8  HEAD -> backup
To https://github.com/lifeosnico-bot/nico-workspace.git
   0309ea8..3e6a0d9  HEAD -> backup
To https://github.com/lifeosnico-bot/nico-workspace.git
   3e6a0d9..faac584  HEAD -> backup
To https://github.com/lifeosnico-bot/nico-workspace.git
   faac584..fd84f97  HEAD -> backup
To https://github.com/lifeosnico-bot/nico-workspace.git
   fd84f97..1140644  HEAD -> backup
To https://github.com/lifeosnico-bot/nico-workspace.git
   1140644..bca2565  HEAD -> backup
To https://github.com/lifeosnico-bot/nico-workspace.git
   bca2565..24851ce  HEAD -> backup
To https://github.com/lifeosnico-bot/nico-workspace.git
   24851ce..5915f85  HEAD -> backup
To https://github.com/lifeosnico-bot/nico-workspace.git
   5915f85..f6e05c8  HEAD -> backup
To https://github.com/lifeosnico-bot/nico-workspace.git
   f6e05c8..1c6989d  HEAD -> backup
To https://github.com/lifeosnico-bot/nico-workspace.git
   1c6989d..3504755  HEAD -> backup
To https://github.com/lifeosnico-bot/nico-workspace.git
   3504755..d690ea0  HEAD -> backup
To https://github.com/lifeosnico-bot/nico-workspace.git
   d690ea0..a8706e1  HEAD -> backup
To https://github.com/lifeosnico-bot/nico-workspace.git
   a8706e1..25dc796  HEAD -> backup
To https://github.com/lifeosnico-bot/nico-workspace.git
   25dc796..53f9335  HEAD -> backup
To https://github.com/lifeosnico-bot/nico-workspace.git
   53f9335..115f78f  HEAD -> backup
To https://github.com/lifeosnico-bot/nico-workspace.git
   115f78f..5d88fc4  HEAD -> backup
To https://github.com/lifeosnico-bot/nico-workspace.git
   5d88fc4..753a456  HEAD -> backup
To https://github.com/lifeosnico-bot/nico-workspace.git
   753a456..5c19c53  HEAD -> backup
To https://github.com/lifeosnico-bot/nico-workspace.git
   5c19c53..d74e777  HEAD -> backup
To https://github.com/lifeosnico-bot/nico-workspace.git
   d74e777..d11e6ae  HEAD -> backup
To https://github.com/lifeosnico-bot/nico-workspace.git
   d11e6ae..3ebebdb  HEAD -> backup
To https://github.com/lifeosnico-bot/nico-workspace.git
   3ebebdb..37ad3c4  HEAD -> backup
To https://github.com/lifeosnico-bot/nico-workspace.git
   37ad3c4..af01f54  HEAD -> backup
To https://github.com/lifeosnico-bot/nico-workspace.git
   af01f54..e4962b1  HEAD -> backup
To https://github.com/lifeosnico-bot/nico-workspace.git
   e4962b1..b037906  HEAD -> backup
To https://github.com/lifeosnico-bot/nico-workspace.git
   b037906..1eba3d0  HEAD -> backup
To https://github.com/lifeosnico-bot/nico-workspace.git
   1eba3d0..6fb3653  HEAD -> backup
To https://github.com/lifeosnico-bot/nico-workspace.git
   6fb3653..461f9f9  HEAD -> backup
To https://github.com/lifeosnico-bot/nico-workspace.git
   461f9f9..0ab8eb3  HEAD -> backup
To https://github.com/lifeosnico-bot/nico-workspace.git
   0ab8eb3..9ff384d  HEAD -> backup
To https://github.com/lifeosnico-bot/nico-workspace.git
   9ff384d..d539c16  HEAD -> backup
To https://github.com/lifeosnico-bot/nico-workspace.git
   d539c16..b557437  HEAD -> backup
To https://github.com/lifeosnico-bot/nico-workspace.git
   b557437..3c6662c  HEAD -> backup
To https://github.com/lifeosnico-bot/nico-workspace.git
   3c6662c..eab4e6e  HEAD -> backup
To https://github.com/lifeosnico-bot/nico-workspace.git
   eab4e6e..d0e5d69  HEAD -> backup
To https://github.com/lifeosnico-bot/nico-workspace.git
   d0e5d69..ef2ea23  HEAD -> backup
To https://github.com/lifeosnico-bot/nico-workspace.git
   ef2ea23..6b8bdcb  HEAD -> backup
To https://github.com/lifeosnico-bot/nico-workspace.git
   6b8bdcb..d5d61e3  HEAD -> backup
To https://github.com/lifeosnico-bot/nico-workspace.git
   d5d61e3..5367601  HEAD -> backup
To https://github.com/lifeosnico-bot/nico-workspace.git
   5367601..8abe213  HEAD -> backup
To https://github.com/lifeosnico-bot/nico-workspace.git
   8abe213..6213dd7  HEAD -> backup
To https://github.com/lifeosnico-bot/nico-workspace.git
   6213dd7..75e1e2d  HEAD -> backup
To https://github.com/lifeosnico-bot/nico-workspace.git
   75e1e2d..e06bd13  HEAD -> backup
To https://github.com/lifeosnico-bot/nico-workspace.git
   e06bd13..0320de7  HEAD -> backup
To https://github.com/lifeosnico-bot/nico-workspace.git
   0320de7..0b6ce7f  HEAD -> backup
To https://github.com/lifeosnico-bot/nico-workspace.git
   0b6ce7f..e01fb84  HEAD -> backup
To https://github.com/lifeosnico-bot/nico-workspace.git
   e01fb84..3d309cc  HEAD -> backup
To https://github.com/lifeosnico-bot/nico-workspace.git
   3d309cc..f37d02f  HEAD -> backup
To https://github.com/lifeosnico-bot/nico-workspace.git
   f37d02f..ee26056  HEAD -> backup
To https://github.com/lifeosnico-bot/nico-workspace.git
   ee26056..39d7d4d  HEAD -> backup
To https://github.com/lifeosnico-bot/nico-workspace.git
   39d7d4d..a3605a7  HEAD -> backup
To https://github.com/lifeosnico-bot/nico-workspace.git
   a3605a7..2dafb2e  HEAD -> backup
To https://github.com/lifeosnico-bot/nico-workspace.git
   2dafb2e..602b616  HEAD -> backup
To https://github.com/lifeosnico-bot/nico-workspace.git
   602b616..e6deb04  HEAD -> backup
To https://github.com/lifeosnico-bot/nico-workspace.git
   e6deb04..2445792  HEAD -> backup
To https://github.com/lifeosnico-bot/nico-workspace.git
   2445792..0e37f0f  HEAD -> backup
To https://github.com/lifeosnico-bot/nico-workspace.git
   0e37f0f..fa3404e  HEAD -> backup
To https://github.com/lifeosnico-bot/nico-workspace.git
   fa3404e..0032bce  HEAD -> backup
To https://github.com/lifeosnico-bot/nico-workspace.git
   0032bce..5790dcc  HEAD -> backup
To https://github.com/lifeosnico-bot/nico-workspace.git
   5790dcc..564be17  HEAD -> backup
To https://github.com/lifeosnico-bot/nico-workspace.git
   564be17..68ba18b  HEAD -> backup
To https://github.com/lifeosnico-bot/nico-workspace.git
   68ba18b..8bff0ec  HEAD -> backup
To https://github.com/lifeosnico-bot/nico-workspace.git
   8bff0ec..a8e3c77  HEAD -> backup
To https://github.com/lifeosnico-bot/nico-workspace.git
   a8e3c77..9d2888b  HEAD -> backup
To https://github.com/lifeosnico-bot/nico-workspace.git
   9d2888b..0f428b4  HEAD -> backup
To https://github.com/lifeosnico-bot/nico-workspace.git
   0f428b4..9d872a4  HEAD -> backup
To https://github.com/lifeosnico-bot/nico-workspace.git
   9d872a4..2099c9d  HEAD -> backup
To https://github.com/lifeosnico-bot/nico-workspace.git
   2099c9d..29c98f5  HEAD -> backup
To https://github.com/lifeosnico-bot/nico-workspace.git
   29c98f5..b1e23f3  HEAD -> backup
To https://github.com/lifeosnico-bot/nico-workspace.git
   b1e23f3..471db17  HEAD -> backup
To https://github.com/lifeosnico-bot/nico-workspace.git
   471db17..969e47b  HEAD -> backup
To https://github.com/lifeosnico-bot/nico-workspace.git
   969e47b..4ee2c52  HEAD -> backup
To https://github.com/lifeosnico-bot/nico-workspace.git
   4ee2c52..cbd4158  HEAD -> backup
To https://github.com/lifeosnico-bot/nico-workspace.git
   cbd4158..6566ebc  HEAD -> backup
To https://github.com/lifeosnico-bot/nico-workspace.git
   6566ebc..551fca8  HEAD -> backup
To https://github.com/lifeosnico-bot/nico-workspace.git
   551fca8..6c146da  HEAD -> backup
fatal: unable to access 'https://github.com/lifeosnico-bot/nico-workspace.git/': Could not resolve host: github.com
To https://github.com/lifeosnico-bot/nico-workspace.git
   6c146da..55a46e4  HEAD -> backup
To https://github.com/lifeosnico-bot/nico-workspace.git
   55a46e4..7e17fe8  HEAD -> backup
To https://github.com/lifeosnico-bot/nico-workspace.git
   7e17fe8..e8b4e23  HEAD -> backup
To https://github.com/lifeosnico-bot/nico-workspace.git
   e8b4e23..296916d  HEAD -> backup
To https://github.com/lifeosnico-bot/nico-workspace.git
   296916d..f02fa32  HEAD -> backup
To https://github.com/lifeosnico-bot/nico-workspace.git
   f02fa32..5facb4b  HEAD -> backup
To https://github.com/lifeosnico-bot/nico-workspace.git
   5facb4b..3c13282  HEAD -> backup
To https://github.com/lifeosnico-bot/nico-workspace.git
   3c13282..394c186  HEAD -> backup
To https://github.com/lifeosnico-bot/nico-workspace.git
   394c186..ee4ca10  HEAD -> backup
To https://github.com/lifeosnico-bot/nico-workspace.git
   ee4ca10..b0a5f76  HEAD -> backup
To https://github.com/lifeosnico-bot/nico-workspace.git
   b0a5f76..d55104c  HEAD -> backup
To https://github.com/lifeosnico-bot/nico-workspace.git
   d55104c..8c628b2  HEAD -> backup
To https://github.com/lifeosnico-bot/nico-workspace.git
   8c628b2..c87db5e  HEAD -> backup
To https://github.com/lifeosnico-bot/nico-workspace.git
   c87db5e..998914b  HEAD -> backup
To https://github.com/lifeosnico-bot/nico-workspace.git
   998914b..d17d296  HEAD -> backup
To https://github.com/lifeosnico-bot/nico-workspace.git
   d17d296..bf778a2  HEAD -> backup
To https://github.com/lifeosnico-bot/nico-workspace.git
   bf778a2..c66587c  HEAD -> backup
To https://github.com/lifeosnico-bot/nico-workspace.git
   c66587c..57d0e54  HEAD -> backup
To https://github.com/lifeosnico-bot/nico-workspace.git
   57d0e54..03094c6  HEAD -> backup
To https://github.com/lifeosnico-bot/nico-workspace.git
   03094c6..bd05c3b  HEAD -> backup
To https://github.com/lifeosnico-bot/nico-workspace.git
   bd05c3b..d5bb8b1  HEAD -> backup
To https://github.com/lifeosnico-bot/nico-workspace.git
   d5bb8b1..0fe0686  HEAD -> backup
To https://github.com/lifeosnico-bot/nico-workspace.git
   0fe0686..3ffb7b5  HEAD -> backup
To https://github.com/lifeosnico-bot/nico-workspace.git
   3ffb7b5..3887c93  HEAD -> backup
To https://github.com/lifeosnico-bot/nico-workspace.git
   3887c93..a553c40  HEAD -> backup
To https://github.com/lifeosnico-bot/nico-workspace.git
   a553c40..5456d87  HEAD -> backup
error: RPC failed; curl 56 Recv failure: Connection reset by peer
send-pack: unexpected disconnect while reading sideband packet
fatal: the remote end hung up unexpectedly
Everything up-to-date
To https://github.com/lifeosnico-bot/nico-workspace.git
   240810f..8ddb74e  HEAD -> backup
To https://github.com/lifeosnico-bot/nico-workspace.git
   8ddb74e..903e34a  HEAD -> backup
error: RPC failed; curl 56 Recv failure: Connection reset by peer
send-pack: unexpected disconnect while reading sideband packet
fatal: the remote end hung up unexpectedly
Everything up-to-date
To https://github.com/lifeosnico-bot/nico-workspace.git
   643babd..9f7b43b  HEAD -> backup
To https://github.com/lifeosnico-bot/nico-workspace.git
   9f7b43b..7104171  HEAD -> backup
To https://github.com/lifeosnico-bot/nico-workspace.git
   7104171..264160a  HEAD -> backup
To https://github.com/lifeosnico-bot/nico-workspace.git
   264160a..7942ea4  HEAD -> backup
To https://github.com/lifeosnico-bot/nico-workspace.git
   7942ea4..9529bbd  HEAD -> backup
To https://github.com/lifeosnico-bot/nico-workspace.git
   9529bbd..0137841  HEAD -> backup
To https://github.com/lifeosnico-bot/nico-workspace.git
   0137841..93c703f  HEAD -> backup
To https://github.com/lifeosnico-bot/nico-workspace.git
   93c703f..68b01a4  HEAD -> backup
To https://github.com/lifeosnico-bot/nico-workspace.git
   68b01a4..7b55581  HEAD -> backup
To https://github.com/lifeosnico-bot/nico-workspace.git
   7b55581..b135c6c  HEAD -> backup
To https://github.com/lifeosnico-bot/nico-workspace.git
   b135c6c..1001775  HEAD -> backup
To https://github.com/lifeosnico-bot/nico-workspace.git
   1001775..80a8d06  HEAD -> backup
To https://github.com/lifeosnico-bot/nico-workspace.git
   80a8d06..731a2ba  HEAD -> backup
To https://github.com/lifeosnico-bot/nico-workspace.git
   731a2ba..b52e0a0  HEAD -> backup
To https://github.com/lifeosnico-bot/nico-workspace.git
   b52e0a0..8634ba8  HEAD -> backup
To https://github.com/lifeosnico-bot/nico-workspace.git
   8634ba8..6bbdab9  HEAD -> backup
To https://github.com/lifeosnico-bot/nico-workspace.git
   6bbdab9..f57adaf  HEAD -> backup
To https://github.com/lifeosnico-bot/nico-workspace.git
   f57adaf..9bed6c9  HEAD -> backup
To https://github.com/lifeosnico-bot/nico-workspace.git
   9bed6c9..f1e028f  HEAD -> backup
To https://github.com/lifeosnico-bot/nico-workspace.git
   f1e028f..e24ba90  HEAD -> backup
To https://github.com/lifeosnico-bot/nico-workspace.git
   e24ba90..9f5611f  HEAD -> backup
To https://github.com/lifeosnico-bot/nico-workspace.git
   9f5611f..6464558  HEAD -> backup
To https://github.com/lifeosnico-bot/nico-workspace.git
   6464558..1ada279  HEAD -> backup
To https://github.com/lifeosnico-bot/nico-workspace.git
   1ada279..479deb1  HEAD -> backup
To https://github.com/lifeosnico-bot/nico-workspace.git
   479deb1..01434e8  HEAD -> backup
To https://github.com/lifeosnico-bot/nico-workspace.git
   01434e8..280f00a  HEAD -> backup
To https://github.com/lifeosnico-bot/nico-workspace.git
   280f00a..44f7f5c  HEAD -> backup
To https://github.com/lifeosnico-bot/nico-workspace.git
   44f7f5c..aec4775  HEAD -> backup
To https://github.com/lifeosnico-bot/nico-workspace.git
   aec4775..4c3890f  HEAD -> backup
To https://github.com/lifeosnico-bot/nico-workspace.git
   4c3890f..759b97a  HEAD -> backup
To https://github.com/lifeosnico-bot/nico-workspace.git
   759b97a..731ff31  HEAD -> backup
To https://github.com/lifeosnico-bot/nico-workspace.git
   731ff31..8ba1d79  HEAD -> backup
To https://github.com/lifeosnico-bot/nico-workspace.git
   8ba1d79..68b79dd  HEAD -> backup
To https://github.com/lifeosnico-bot/nico-workspace.git
   68b79dd..82c38e3  HEAD -> backup
To https://github.com/lifeosnico-bot/nico-workspace.git
   82c38e3..d65036b  HEAD -> backup
To https://github.com/lifeosnico-bot/nico-workspace.git
   d65036b..1b8ef3b  HEAD -> backup
To https://github.com/lifeosnico-bot/nico-workspace.git
   1b8ef3b..3e2f0b4  HEAD -> backup
To https://github.com/lifeosnico-bot/nico-workspace.git
   3e2f0b4..37efc9a  HEAD -> backup
To https://github.com/lifeosnico-bot/nico-workspace.git
   37efc9a..ccedbeb  HEAD -> backup
To https://github.com/lifeosnico-bot/nico-workspace.git
   ccedbeb..4b2bf1f  HEAD -> backup
To https://github.com/lifeosnico-bot/nico-workspace.git
   4b2bf1f..835e82e  HEAD -> backup
To https://github.com/lifeosnico-bot/nico-workspace.git
   835e82e..494916e  HEAD -> backup
To https://github.com/lifeosnico-bot/nico-workspace.git
   494916e..f0b421f  HEAD -> backup
To https://github.com/lifeosnico-bot/nico-workspace.git
   f0b421f..a1eb80e  HEAD -> backup
To https://github.com/lifeosnico-bot/nico-workspace.git
   a1eb80e..a66c182  HEAD -> backup
To https://github.com/lifeosnico-bot/nico-workspace.git
   a66c182..dad9fed  HEAD -> backup
To https://github.com/lifeosnico-bot/nico-workspace.git
   dad9fed..4dcebca  HEAD -> backup
To https://github.com/lifeosnico-bot/nico-workspace.git
   4dcebca..de05444  HEAD -> backup
To https://github.com/lifeosnico-bot/nico-workspace.git
   de05444..cfd2b4e  HEAD -> backup
To https://github.com/lifeosnico-bot/nico-workspace.git
   cfd2b4e..cc0392b  HEAD -> backup
To https://github.com/lifeosnico-bot/nico-workspace.git
   cc0392b..b5f1753  HEAD -> backup
To https://github.com/lifeosnico-bot/nico-workspace.git
   b5f1753..ace78fd  HEAD -> backup
To https://github.com/lifeosnico-bot/nico-workspace.git
   ace78fd..e163104  HEAD -> backup
To https://github.com/lifeosnico-bot/nico-workspace.git
   e163104..b1a8be0  HEAD -> backup
To https://github.com/lifeosnico-bot/nico-workspace.git
   b1a8be0..ee09a9c  HEAD -> backup
To https://github.com/lifeosnico-bot/nico-workspace.git
   ee09a9c..679175c  HEAD -> backup
To https://github.com/lifeosnico-bot/nico-workspace.git
   679175c..3264c00  HEAD -> backup
To https://github.com/lifeosnico-bot/nico-workspace.git
   3264c00..772a241  HEAD -> backup
To https://github.com/lifeosnico-bot/nico-workspace.git
   772a241..f01046f  HEAD -> backup
To https://github.com/lifeosnico-bot/nico-workspace.git
   f01046f..a30714f  HEAD -> backup
To https://github.com/lifeosnico-bot/nico-workspace.git
   a30714f..55fefd6  HEAD -> backup
To https://github.com/lifeosnico-bot/nico-workspace.git
   55fefd6..ea87c8f  HEAD -> backup
To https://github.com/lifeosnico-bot/nico-workspace.git
   ea87c8f..aa87312  HEAD -> backup
To https://github.com/lifeosnico-bot/nico-workspace.git
   aa87312..49ccf37  HEAD -> backup
To https://github.com/lifeosnico-bot/nico-workspace.git
   49ccf37..5f6d911  HEAD -> backup
To https://github.com/lifeosnico-bot/nico-workspace.git
   5f6d911..8295faa  HEAD -> backup
To https://github.com/lifeosnico-bot/nico-workspace.git
   8295faa..b577f02  HEAD -> backup
To https://github.com/lifeosnico-bot/nico-workspace.git
   b577f02..e32f550  HEAD -> backup
To https://github.com/lifeosnico-bot/nico-workspace.git
   e32f550..aa36df1  HEAD -> backup
To https://github.com/lifeosnico-bot/nico-workspace.git
   aa36df1..6cdf7a4  HEAD -> backup
To https://github.com/lifeosnico-bot/nico-workspace.git
   6cdf7a4..47ded05  HEAD -> backup
To https://github.com/lifeosnico-bot/nico-workspace.git
   47ded05..1313a66  HEAD -> backup
To https://github.com/lifeosnico-bot/nico-workspace.git
   1313a66..50549c1  HEAD -> backup
To https://github.com/lifeosnico-bot/nico-workspace.git
   50549c1..004e809  HEAD -> backup
To https://github.com/lifeosnico-bot/nico-workspace.git
   004e809..3e2cc44  HEAD -> backup
To https://github.com/lifeosnico-bot/nico-workspace.git
   3e2cc44..c15068a  HEAD -> backup
To https://github.com/lifeosnico-bot/nico-workspace.git
   c15068a..44b534b  HEAD -> backup
To https://github.com/lifeosnico-bot/nico-workspace.git
   44b534b..d6d9db8  HEAD -> backup
To https://github.com/lifeosnico-bot/nico-workspace.git
   d6d9db8..8a09ee4  HEAD -> backup
To https://github.com/lifeosnico-bot/nico-workspace.git
   8a09ee4..8a7f806  HEAD -> backup
To https://github.com/lifeosnico-bot/nico-workspace.git
   8a7f806..3257659  HEAD -> backup
To https://github.com/lifeosnico-bot/nico-workspace.git
   3257659..d3981c5  HEAD -> backup
To https://github.com/lifeosnico-bot/nico-workspace.git
   d3981c5..d1411f4  HEAD -> backup
To https://github.com/lifeosnico-bot/nico-workspace.git
   d1411f4..0ffe8e4  HEAD -> backup
To https://github.com/lifeosnico-bot/nico-workspace.git
   0ffe8e4..f201869  HEAD -> backup
To https://github.com/lifeosnico-bot/nico-workspace.git
   f201869..7021f7c  HEAD -> backup
To https://github.com/lifeosnico-bot/nico-workspace.git
   7021f7c..a2b63f3  HEAD -> backup
To https://github.com/lifeosnico-bot/nico-workspace.git
   a2b63f3..5144735  HEAD -> backup
To https://github.com/lifeosnico-bot/nico-workspace.git
   5144735..5e65737  HEAD -> backup
To https://github.com/lifeosnico-bot/nico-workspace.git
   5e65737..b80e602  HEAD -> backup
To https://github.com/lifeosnico-bot/nico-workspace.git
   b80e602..be1d016  HEAD -> backup
To https://github.com/lifeosnico-bot/nico-workspace.git
   be1d016..de6dd10  HEAD -> backup
To https://github.com/lifeosnico-bot/nico-workspace.git
   de6dd10..03bf704  HEAD -> backup
To https://github.com/lifeosnico-bot/nico-workspace.git
   03bf704..a364bf7  HEAD -> backup
To https://github.com/lifeosnico-bot/nico-workspace.git
   a364bf7..b99c166  HEAD -> backup
To https://github.com/lifeosnico-bot/nico-workspace.git
   b99c166..0717677  HEAD -> backup
To https://github.com/lifeosnico-bot/nico-workspace.git
   0717677..80bc84e  HEAD -> backup
To https://github.com/lifeosnico-bot/nico-workspace.git
   80bc84e..0b4fcb1  HEAD -> backup
To https://github.com/lifeosnico-bot/nico-workspace.git
   0b4fcb1..c5e4b4f  HEAD -> backup
To https://github.com/lifeosnico-bot/nico-workspace.git
   c5e4b4f..a59c552  HEAD -> backup
To https://github.com/lifeosnico-bot/nico-workspace.git
   a59c552..22fe89f  HEAD -> backup
To https://github.com/lifeosnico-bot/nico-workspace.git
   22fe89f..0ebf70e  HEAD -> backup
To https://github.com/lifeosnico-bot/nico-workspace.git
   0ebf70e..2cb04b2  HEAD -> backup
To https://github.com/lifeosnico-bot/nico-workspace.git
   2cb04b2..31a267c  HEAD -> backup
To https://github.com/lifeosnico-bot/nico-workspace.git
   31a267c..c8a1b94  HEAD -> backup
To https://github.com/lifeosnico-bot/nico-workspace.git
   c8a1b94..12831ab  HEAD -> backup
To https://github.com/lifeosnico-bot/nico-workspace.git
   12831ab..967365f  HEAD -> backup
To https://github.com/lifeosnico-bot/nico-workspace.git
   967365f..d601d9d  HEAD -> backup
To https://github.com/lifeosnico-bot/nico-workspace.git
   d601d9d..9187abe  HEAD -> backup
To https://github.com/lifeosnico-bot/nico-workspace.git
   9187abe..1c11bb4  HEAD -> backup
To https://github.com/lifeosnico-bot/nico-workspace.git
   1c11bb4..93a0861  HEAD -> backup
To https://github.com/lifeosnico-bot/nico-workspace.git
   93a0861..33eb98d  HEAD -> backup
To https://github.com/lifeosnico-bot/nico-workspace.git
   33eb98d..9641575  HEAD -> backup
To https://github.com/lifeosnico-bot/nico-workspace.git
   9641575..b03cd88  HEAD -> backup
To https://github.com/lifeosnico-bot/nico-workspace.git
   b03cd88..690ad26  HEAD -> backup
To https://github.com/lifeosnico-bot/nico-workspace.git
   690ad26..60c9a4b  HEAD -> backup
To https://github.com/lifeosnico-bot/nico-workspace.git
   60c9a4b..6efc4af  HEAD -> backup
To https://github.com/lifeosnico-bot/nico-workspace.git
   6efc4af..c5fc1a9  HEAD -> backup
To https://github.com/lifeosnico-bot/nico-workspace.git
   c5fc1a9..4296179  HEAD -> backup
To https://github.com/lifeosnico-bot/nico-workspace.git
   4296179..1019256  HEAD -> backup
To https://github.com/lifeosnico-bot/nico-workspace.git
   1019256..4a0fa27  HEAD -> backup
To https://github.com/lifeosnico-bot/nico-workspace.git
   4a0fa27..14eea40  HEAD -> backup
To https://github.com/lifeosnico-bot/nico-workspace.git
   14eea40..9df57bb  HEAD -> backup
To https://github.com/lifeosnico-bot/nico-workspace.git
   9df57bb..d0f13b1  HEAD -> backup
To https://github.com/lifeosnico-bot/nico-workspace.git
   d0f13b1..b83be79  HEAD -> backup
To https://github.com/lifeosnico-bot/nico-workspace.git
   b83be79..f5656c0  HEAD -> backup
To https://github.com/lifeosnico-bot/nico-workspace.git
   f5656c0..a52ddf9  HEAD -> backup
To https://github.com/lifeosnico-bot/nico-workspace.git
   a52ddf9..c873f91  HEAD -> backup
To https://github.com/lifeosnico-bot/nico-workspace.git
   c873f91..d2e2138  HEAD -> backup
To https://github.com/lifeosnico-bot/nico-workspace.git
   d2e2138..a61840e  HEAD -> backup
To https://github.com/lifeosnico-bot/nico-workspace.git
   a61840e..8ca17b4  HEAD -> backup
To https://github.com/lifeosnico-bot/nico-workspace.git
   8ca17b4..2a8479e  HEAD -> backup
To https://github.com/lifeosnico-bot/nico-workspace.git
   2a8479e..9819dde  HEAD -> backup
To https://github.com/lifeosnico-bot/nico-workspace.git
   9819dde..cbabde4  HEAD -> backup
To https://github.com/lifeosnico-bot/nico-workspace.git
   cbabde4..46e0c6a  HEAD -> backup
To https://github.com/lifeosnico-bot/nico-workspace.git
   46e0c6a..9055b39  HEAD -> backup
To https://github.com/lifeosnico-bot/nico-workspace.git
   9055b39..2f7d7f6  HEAD -> backup
To https://github.com/lifeosnico-bot/nico-workspace.git
   2f7d7f6..b89074b  HEAD -> backup
To https://github.com/lifeosnico-bot/nico-workspace.git
   b89074b..acd1267  HEAD -> backup
To https://github.com/lifeosnico-bot/nico-workspace.git
   acd1267..a60cb32  HEAD -> backup
To https://github.com/lifeosnico-bot/nico-workspace.git
   a60cb32..722a7db  HEAD -> backup
To https://github.com/lifeosnico-bot/nico-workspace.git
   722a7db..82d2a17  HEAD -> backup
To https://github.com/lifeosnico-bot/nico-workspace.git
   82d2a17..b301b45  HEAD -> backup
To https://github.com/lifeosnico-bot/nico-workspace.git
   b301b45..49f46bd  HEAD -> backup
To https://github.com/lifeosnico-bot/nico-workspace.git
   49f46bd..cb716bc  HEAD -> backup
To https://github.com/lifeosnico-bot/nico-workspace.git
   cb716bc..6ecba05  HEAD -> backup
To https://github.com/lifeosnico-bot/nico-workspace.git
   6ecba05..26a8801  HEAD -> backup
To https://github.com/lifeosnico-bot/nico-workspace.git
   26a8801..0c6d62f  HEAD -> backup
To https://github.com/lifeosnico-bot/nico-workspace.git
   0c6d62f..c0101f8  HEAD -> backup
To https://github.com/lifeosnico-bot/nico-workspace.git
   c0101f8..a4857be  HEAD -> backup
To https://github.com/lifeosnico-bot/nico-workspace.git
   a4857be..742c9ba  HEAD -> backup
To https://github.com/lifeosnico-bot/nico-workspace.git
   742c9ba..4da3d6c  HEAD -> backup
To https://github.com/lifeosnico-bot/nico-workspace.git
   4da3d6c..75aba2e  HEAD -> backup
To https://github.com/lifeosnico-bot/nico-workspace.git
   75aba2e..b168df6  HEAD -> backup
To https://github.com/lifeosnico-bot/nico-workspace.git
   b168df6..076e2fd  HEAD -> backup
To https://github.com/lifeosnico-bot/nico-workspace.git
   076e2fd..65cee24  HEAD -> backup
To https://github.com/lifeosnico-bot/nico-workspace.git
   65cee24..7f35e14  HEAD -> backup
To https://github.com/lifeosnico-bot/nico-workspace.git
   7f35e14..8e7a431  HEAD -> backup
To https://github.com/lifeosnico-bot/nico-workspace.git
   8e7a431..9f905cc  HEAD -> backup
To https://github.com/lifeosnico-bot/nico-workspace.git
   9f905cc..f73f446  HEAD -> backup
To https://github.com/lifeosnico-bot/nico-workspace.git
   f73f446..dc33dd1  HEAD -> backup
To https://github.com/lifeosnico-bot/nico-workspace.git
   dc33dd1..92c3ba3  HEAD -> backup
To https://github.com/lifeosnico-bot/nico-workspace.git
   92c3ba3..5d3f8ce  HEAD -> backup
To https://github.com/lifeosnico-bot/nico-workspace.git
   5d3f8ce..6d1eb41  HEAD -> backup
To https://github.com/lifeosnico-bot/nico-workspace.git
   6d1eb41..1eabc26  HEAD -> backup
To https://github.com/lifeosnico-bot/nico-workspace.git
   1eabc26..185eb78  HEAD -> backup
To https://github.com/lifeosnico-bot/nico-workspace.git
   185eb78..e9af13a  HEAD -> backup
To https://github.com/lifeosnico-bot/nico-workspace.git
   e9af13a..a7a0c35  HEAD -> backup
To https://github.com/lifeosnico-bot/nico-workspace.git
   a7a0c35..8baec02  HEAD -> backup
To https://github.com/lifeosnico-bot/nico-workspace.git
   8baec02..bdcbe67  HEAD -> backup
To https://github.com/lifeosnico-bot/nico-workspace.git
   bdcbe67..40eb24d  HEAD -> backup
To https://github.com/lifeosnico-bot/nico-workspace.git
   40eb24d..3d26732  HEAD -> backup
To https://github.com/lifeosnico-bot/nico-workspace.git
   3d26732..d7f4dcd  HEAD -> backup
To https://github.com/lifeosnico-bot/nico-workspace.git
   d7f4dcd..7bbd47e  HEAD -> backup
To https://github.com/lifeosnico-bot/nico-workspace.git
   7bbd47e..a7c8b81  HEAD -> backup
To https://github.com/lifeosnico-bot/nico-workspace.git
   a7c8b81..c24fa32  HEAD -> backup
To https://github.com/lifeosnico-bot/nico-workspace.git
   c24fa32..f7930a5  HEAD -> backup
To https://github.com/lifeosnico-bot/nico-workspace.git
   f7930a5..350d3a3  HEAD -> backup
To https://github.com/lifeosnico-bot/nico-workspace.git
   350d3a3..29ce9da  HEAD -> backup
To https://github.com/lifeosnico-bot/nico-workspace.git
   29ce9da..25486d5  HEAD -> backup
To https://github.com/lifeosnico-bot/nico-workspace.git
   25486d5..5936596  HEAD -> backup
To https://github.com/lifeosnico-bot/nico-workspace.git
   5936596..738464f  HEAD -> backup
To https://github.com/lifeosnico-bot/nico-workspace.git
   738464f..ea6a8cd  HEAD -> backup
To https://github.com/lifeosnico-bot/nico-workspace.git
   ea6a8cd..9784d2a  HEAD -> backup
To https://github.com/lifeosnico-bot/nico-workspace.git
   9784d2a..2d4c451  HEAD -> backup
To https://github.com/lifeosnico-bot/nico-workspace.git
   2d4c451..6a72465  HEAD -> backup
To https://github.com/lifeosnico-bot/nico-workspace.git
   6a72465..64b848f  HEAD -> backup
To https://github.com/lifeosnico-bot/nico-workspace.git
   64b848f..0a9bfcc  HEAD -> backup
To https://github.com/lifeosnico-bot/nico-workspace.git
   0a9bfcc..1e0c703  HEAD -> backup
To https://github.com/lifeosnico-bot/nico-workspace.git
   1e0c703..ac75956  HEAD -> backup
To https://github.com/lifeosnico-bot/nico-workspace.git
   ac75956..156d688  HEAD -> backup
To https://github.com/lifeosnico-bot/nico-workspace.git
   156d688..4674576  HEAD -> backup
To https://github.com/lifeosnico-bot/nico-workspace.git
   4674576..e38bb38  HEAD -> backup
To https://github.com/lifeosnico-bot/nico-workspace.git
   e38bb38..2a505d0  HEAD -> backup
To https://github.com/lifeosnico-bot/nico-workspace.git
   2a505d0..5367e8a  HEAD -> backup
To https://github.com/lifeosnico-bot/nico-workspace.git
   5367e8a..a57b23c  HEAD -> backup
To https://github.com/lifeosnico-bot/nico-workspace.git
   a57b23c..cb4ad10  HEAD -> backup
To https://github.com/lifeosnico-bot/nico-workspace.git
   cb4ad10..dbcd496  HEAD -> backup
To https://github.com/lifeosnico-bot/nico-workspace.git
   dbcd496..3fff8d1  HEAD -> backup
To https://github.com/lifeosnico-bot/nico-workspace.git
   3fff8d1..240b83d  HEAD -> backup
To https://github.com/lifeosnico-bot/nico-workspace.git
   240b83d..41aa30c  HEAD -> backup
To https://github.com/lifeosnico-bot/nico-workspace.git
   41aa30c..10bef61  HEAD -> backup
To https://github.com/lifeosnico-bot/nico-workspace.git
   10bef61..5c48ebd  HEAD -> backup
To https://github.com/lifeosnico-bot/nico-workspace.git
   5c48ebd..1b64282  HEAD -> backup
To https://github.com/lifeosnico-bot/nico-workspace.git
   1b64282..f541fc6  HEAD -> backup
To https://github.com/lifeosnico-bot/nico-workspace.git
   f541fc6..a5dcc73  HEAD -> backup
To https://github.com/lifeosnico-bot/nico-workspace.git
   a5dcc73..ee841e6  HEAD -> backup
To https://github.com/lifeosnico-bot/nico-workspace.git
   ee841e6..62adfd0  HEAD -> backup
To https://github.com/lifeosnico-bot/nico-workspace.git
   62adfd0..efc848a  HEAD -> backup
To https://github.com/lifeosnico-bot/nico-workspace.git
   efc848a..6b0bbb4  HEAD -> backup
To https://github.com/lifeosnico-bot/nico-workspace.git
   6b0bbb4..8cdddaa  HEAD -> backup
To https://github.com/lifeosnico-bot/nico-workspace.git
   8cdddaa..9929d44  HEAD -> backup
To https://github.com/lifeosnico-bot/nico-workspace.git
   9929d44..85e589e  HEAD -> backup
To https://github.com/lifeosnico-bot/nico-workspace.git
   85e589e..d06c833  HEAD -> backup
To https://github.com/lifeosnico-bot/nico-workspace.git
   d06c833..cf03e1c  HEAD -> backup
To https://github.com/lifeosnico-bot/nico-workspace.git
   cf03e1c..a5c27a0  HEAD -> backup
To https://github.com/lifeosnico-bot/nico-workspace.git
   a5c27a0..e257ce8  HEAD -> backup
To https://github.com/lifeosnico-bot/nico-workspace.git
   e257ce8..0ba620d  HEAD -> backup
To https://github.com/lifeosnico-bot/nico-workspace.git
   0ba620d..2f80253  HEAD -> backup
To https://github.com/lifeosnico-bot/nico-workspace.git
   2f80253..370d015  HEAD -> backup
To https://github.com/lifeosnico-bot/nico-workspace.git
   370d015..c8ce1ec  HEAD -> backup
To https://github.com/lifeosnico-bot/nico-workspace.git
   c8ce1ec..fa0109f  HEAD -> backup
To https://github.com/lifeosnico-bot/nico-workspace.git
   fa0109f..b053863  HEAD -> backup
To https://github.com/lifeosnico-bot/nico-workspace.git
   b053863..b71604b  HEAD -> backup
To https://github.com/lifeosnico-bot/nico-workspace.git
   b71604b..c7ace14  HEAD -> backup
To https://github.com/lifeosnico-bot/nico-workspace.git
   c7ace14..069bd1a  HEAD -> backup
To https://github.com/lifeosnico-bot/nico-workspace.git
   069bd1a..415d951  HEAD -> backup
To https://github.com/lifeosnico-bot/nico-workspace.git
   415d951..3ea8936  HEAD -> backup
To https://github.com/lifeosnico-bot/nico-workspace.git
   3ea8936..ea73812  HEAD -> backup
To https://github.com/lifeosnico-bot/nico-workspace.git
   ea73812..3bdf6fa  HEAD -> backup
To https://github.com/lifeosnico-bot/nico-workspace.git
   3bdf6fa..bc277a1  HEAD -> backup
To https://github.com/lifeosnico-bot/nico-workspace.git
   bc277a1..3588828  HEAD -> backup
To https://github.com/lifeosnico-bot/nico-workspace.git
   3588828..be7fecc  HEAD -> backup
To https://github.com/lifeosnico-bot/nico-workspace.git
   be7fecc..57a47a6  HEAD -> backup
To https://github.com/lifeosnico-bot/nico-workspace.git
   57a47a6..e2617ad  HEAD -> backup
To https://github.com/lifeosnico-bot/nico-workspace.git
   e2617ad..a0a1705  HEAD -> backup
To https://github.com/lifeosnico-bot/nico-workspace.git
   a0a1705..216102d  HEAD -> backup
To https://github.com/lifeosnico-bot/nico-workspace.git
   216102d..b56b900  HEAD -> backup
To https://github.com/lifeosnico-bot/nico-workspace.git
   b56b900..8c647fc  HEAD -> backup
To https://github.com/lifeosnico-bot/nico-workspace.git
   8c647fc..8fd49e3  HEAD -> backup
To https://github.com/lifeosnico-bot/nico-workspace.git
   8fd49e3..9bdade1  HEAD -> backup
To https://github.com/lifeosnico-bot/nico-workspace.git
   9bdade1..66c5f72  HEAD -> backup
To https://github.com/lifeosnico-bot/nico-workspace.git
   66c5f72..618a004  HEAD -> backup
To https://github.com/lifeosnico-bot/nico-workspace.git
   618a004..184e417  HEAD -> backup
To https://github.com/lifeosnico-bot/nico-workspace.git
   184e417..14a3949  HEAD -> backup
To https://github.com/lifeosnico-bot/nico-workspace.git
   14a3949..45e1873  HEAD -> backup
To https://github.com/lifeosnico-bot/nico-workspace.git
   45e1873..11bdee7  HEAD -> backup
To https://github.com/lifeosnico-bot/nico-workspace.git
   11bdee7..131d671  HEAD -> backup
To https://github.com/lifeosnico-bot/nico-workspace.git
   131d671..718d77f  HEAD -> backup
To https://github.com/lifeosnico-bot/nico-workspace.git
   718d77f..350d7db  HEAD -> backup
To https://github.com/lifeosnico-bot/nico-workspace.git
   350d7db..1c8d243  HEAD -> backup
To https://github.com/lifeosnico-bot/nico-workspace.git
   1c8d243..597b862  HEAD -> backup
To https://github.com/lifeosnico-bot/nico-workspace.git
   597b862..8d83dfa  HEAD -> backup
To https://github.com/lifeosnico-bot/nico-workspace.git
   8d83dfa..b093e87  HEAD -> backup
To https://github.com/lifeosnico-bot/nico-workspace.git
   b093e87..e2bb858  HEAD -> backup
To https://github.com/lifeosnico-bot/nico-workspace.git
   e2bb858..e88be0a  HEAD -> backup
To https://github.com/lifeosnico-bot/nico-workspace.git
   e88be0a..53fa70c  HEAD -> backup
To https://github.com/lifeosnico-bot/nico-workspace.git
   53fa70c..c59c3f6  HEAD -> backup
To https://github.com/lifeosnico-bot/nico-workspace.git
   c59c3f6..2856d0c  HEAD -> backup
To https://github.com/lifeosnico-bot/nico-workspace.git
   2856d0c..49171ab  HEAD -> backup
To https://github.com/lifeosnico-bot/nico-workspace.git
   49171ab..53f8b1e  HEAD -> backup
To https://github.com/lifeosnico-bot/nico-workspace.git
   53f8b1e..d2036a8  HEAD -> backup
To https://github.com/lifeosnico-bot/nico-workspace.git
   d2036a8..99bbd4d  HEAD -> backup
To https://github.com/lifeosnico-bot/nico-workspace.git
   99bbd4d..6b5a382  HEAD -> backup
To https://github.com/lifeosnico-bot/nico-workspace.git
   6b5a382..d4ae548  HEAD -> backup
To https://github.com/lifeosnico-bot/nico-workspace.git
   d4ae548..67cee90  HEAD -> backup
To https://github.com/lifeosnico-bot/nico-workspace.git
   67cee90..61caa09  HEAD -> backup
