[master c3cc224] auto-backup: 2026-02-16_13:34
 3 files changed, 5 insertions(+)
 create mode 100644 Logs/backup-error.log
 create mode 100644 Logs/backup.log
 create mode 100755 Scripts/auto-backup.sh
[master 2fb5b71] auto-backup: 2026-02-16_19:34
[master a173936] auto-backup: 2026-02-21_09:43
 2 files changed, 3 insertions(+)
[master fb49d41] auto-backup: 2026-02-21_16:22
 1 file changed, 1 insertion(+)
 create mode 160000 lettabot/lettabot
[master 270bd3f] auto-backup: 2026-02-21_22:22
 8 files changed, 356 insertions(+), 10 deletions(-)
 create mode 100644 Memory/Sessions/session-scratch-20260221-210433.md
 create mode 100644 Memory/session-scratch.md
 create mode 100644 Resources/2026-02-22_openclaw-50-days-use-cases.md
 create mode 100755 Scripts/session-start.sh
 create mode 100755 Scripts/session-stop.sh
[master 8e9ccda] auto-backup: 2026-02-22_04:22
 16 files changed, 12409 insertions(+)
 create mode 100644 CabinetAgentVault/00-dashboard/home.md
 create mode 100644 CabinetAgentVault/01-inbox/_index.md
 create mode 100644 CabinetAgentVault/10-projects/cabinet-agent-saas/_index.md
 create mode 100644 CabinetAgentVault/10-projects/lucavo-design/_index.md
 create mode 100644 CabinetAgentVault/10-projects/nico-agent/_index.md
 create mode 100644 CabinetAgentVault/20-areas/business-ops/_index.md
 create mode 100644 CabinetAgentVault/20-areas/clients/_index.md
 create mode 100644 CabinetAgentVault/20-areas/development/_index.md
 create mode 100644 CabinetAgentVault/20-areas/finance/_index.md
 create mode 100644 CabinetAgentVault/20-areas/marketing/_index.md
 create mode 100644 CabinetAgentVault/30-resources/reference/_index.md
 create mode 100644 CabinetAgentVault/30-resources/research/_index.md
 create mode 100644 CabinetAgentVault/40-archive/_index.md
 create mode 100644 CabinetAgentVault/50-clippings/_index.md
 create mode 100644 Logs/lettabot-err.log
 create mode 100644 Logs/lettabot.log
