[main dc7f1eb] chore: memfs autosync 2026-03-04 20:00:08
 2 files changed, 14 insertions(+)
From https://api.letta.com/v1/git/agent-5a9b0e69-1f30-476d-a89a-30c8e21c9668/state
 + ba5f23f...d5bf9f2 main       -> origin/main  (forced update)
Rebasing (1/1)Successfully rebased and updated refs/heads/main.
To https://api.letta.com/v1/git/agent-5a9b0e69-1f30-476d-a89a-30c8e21c9668/state.git
   d5bf9f2..a004021  main -> main
[2026-03-04 20:02:47] autosync: pushed
[main 2f53e20] chore: memfs autosync 2026-03-08 17:13:22
 1 file changed, 6 insertions(+)
Current branch main is up to date.
To https://api.letta.com/v1/git/agent-5a9b0e69-1f30-476d-a89a-30c8e21c9668/state.git
   4b491d8..2f53e20  main -> main
[2026-03-08 17:13:27] autosync: pushed
[main 541028c] chore: memfs autosync 2026-03-09 00:11:32
 1 file changed, 1 insertion(+)
Current branch main is up to date.
To https://api.letta.com/v1/git/agent-5a9b0e69-1f30-476d-a89a-30c8e21c9668/state.git
   2f53e20..541028c  main -> main
[2026-03-09 00:11:37] autosync: pushed
[main a22189b] chore: memfs autosync 2026-03-09 00:21:37
 1 file changed, 1 insertion(+)
Current branch main is up to date.
To https://api.letta.com/v1/git/agent-5a9b0e69-1f30-476d-a89a-30c8e21c9668/state.git
   541028c..a22189b  main -> main
[2026-03-09 00:21:41] autosync: pushed
