Overnight Runner Report — 2026-03-04 02:00
Repo: /Users/lifeos.nico/Nico
Next item: OVR-0001 P2 — Phase 0E metadata standards enforcement
Action: v1 no-op (report only)
Overnight Runner Report — 2026-03-04 02:00
Repo: /Users/lifeos.nico/Nico
Next item: OVR-0001 P2 — Phase 0E metadata standards enforcement
Action: v1 no-op (report only)
Overnight Runner Report — 2026-03-04 13:01
Repo: /Users/lifeos.nico/Nico
Queue next: OVR-0001 P2 — Phase 0E metadata standards enforcement
YouTube intake: 0 created, 4 existing, 0 invalid (incoming=4)
Overnight Runner Report — 2026-03-04 17:30
Repo: /Users/lifeos.nico/Nico
Queue next: OVR-0001 P2 — Phase 0E metadata standards enforcement
YouTube intake: 0 created, 4 existing, 0 invalid (incoming=4)
Overnight Runner Report — 2026-03-05 02:07
Repo: /Users/lifeos.nico/Nico
Queue next: OVR-0001 P2 — Phase 0E metadata standards enforcement
YouTube intake: 0 created, 4 existing, 0 invalid (incoming=4)
